SF:lib/app/core/utils.dart
DA:4,2
DA:6,2
DA:8,2
DA:10,2
DA:17,1
DA:19,1
DA:21,1
DA:23,1
LF:8
LH:8
end_of_record
SF:lib/app/modules/home/models/movie_model.dart
DA:7,2
DA:9,1
DA:10,2
DA:11,2
DA:13,2
DA:14,2
DA:16,5
DA:18,2
DA:19,2
DA:21,2
DA:22,2
DA:26,1
DA:27,1
DA:28,2
DA:29,1
DA:30,4
DA:32,2
DA:33,2
DA:54,1
DA:70,1
DA:71,2
DA:72,2
DA:74,2
DA:75,2
DA:77,2
DA:78,1
DA:79,3
DA:81,2
DA:82,2
DA:84,2
DA:85,2
DA:87,2
DA:88,2
DA:90,2
DA:91,2
DA:93,2
DA:94,2
DA:96,2
DA:97,2
DA:99,2
DA:100,2
DA:102,2
DA:103,2
DA:105,2
DA:106,2
DA:108,2
DA:109,2
DA:111,2
DA:112,2
DA:116,1
DA:117,1
DA:118,2
DA:119,2
DA:120,1
DA:121,2
DA:123,2
DA:124,2
DA:125,2
DA:126,2
DA:127,2
DA:128,2
DA:129,2
DA:130,2
DA:131,2
DA:132,2
DA:133,2
LF:66
LH:66
end_of_record
SF:lib/app/modules/home/providers/home_provider.dart
DA:7,1
DA:9,3
DA:10,2
DA:11,0
DA:12,0
DA:15,2
DA:18,2
DA:19,2
DA:20,4
DA:22,1
LF:10
LH:8
end_of_record
SF:lib/app/modules/home/bindings/home_binding.dart
DA:7,1
DA:9,2
DA:10,3
LF:3
LH:3
end_of_record
SF:lib/app/modules/home/controllers/home_controller.dart
DA:15,1
DA:17,1
DA:19,1
DA:20,1
DA:21,1
DA:22,1
DA:25,1
DA:26,1
DA:27,1
DA:28,1
DA:29,1
DA:32,1
DA:33,1
DA:34,1
DA:35,1
DA:36,1
DA:39,1
DA:40,1
DA:41,1
DA:42,1
DA:43,1
DA:46,1
DA:48,2
DA:49,1
LF:24
LH:24
end_of_record
SF:lib/app/modules/detail/models/detail_model.dart
DA:17,2
DA:33,2
DA:34,4
DA:35,2
DA:37,4
DA:38,2
DA:40,4
DA:41,1
DA:42,3
DA:44,4
DA:45,2
DA:47,4
DA:48,2
DA:50,4
DA:51,2
DA:53,4
DA:54,2
DA:56,4
DA:57,2
DA:59,4
DA:60,2
DA:62,4
DA:63,2
DA:65,4
DA:66,2
DA:68,4
DA:69,2
DA:71,4
DA:72,2
DA:74,4
DA:75,2
DA:79,2
DA:80,2
DA:81,4
DA:82,4
DA:83,2
DA:84,4
DA:86,4
DA:87,4
DA:88,4
DA:89,4
DA:90,4
DA:91,4
DA:92,4
DA:93,4
DA:94,4
DA:95,4
DA:96,4
LF:48
LH:48
end_of_record
SF:lib/app/modules/detail/providers/detail_provider.dart
DA:6,1
DA:8,3
DA:9,2
DA:10,0
DA:11,0
DA:14,2
DA:17,2
DA:18,2
DA:19,2
DA:21,1
LF:10
LH:8
end_of_record
SF:lib/app/modules/detail/bindings/detail_binding.dart
DA:7,1
DA:9,2
DA:10,3
LF:3
LH:3
end_of_record
SF:lib/app/modules/detail/controllers/detail_controller.dart
DA:8,1
DA:10,1
DA:12,1
DA:13,3
DA:14,1
DA:17,1
DA:18,2
DA:19,1
DA:20,3
DA:21,0
DA:22,2
DA:23,3
DA:27,1
DA:29,2
DA:30,1
LF:15
LH:14
end_of_record
